[debug] [2024-10-06T13:58:06.170Z] ----------------------------------------------------------------------
[debug] [2024-10-06T13:58:06.173Z] Command:       C:\Program Files\nodejs\node.exe C:\Users\anask\AppData\Roaming\npm\node_modules\firebase-tools\lib\bin\firebase.js init
[debug] [2024-10-06T13:58:06.174Z] CLI Version:   13.20.2
[debug] [2024-10-06T13:58:06.174Z] Platform:      win32
[debug] [2024-10-06T13:58:06.174Z] Node Version:  v18.18.2
[debug] [2024-10-06T13:58:06.176Z] Time:          Sun Oct 06 2024 09:58:06 GMT-0400 (Eastern Daylight Time)
[debug] [2024-10-06T13:58:06.177Z] ----------------------------------------------------------------------
[debug] 
[debug] [2024-10-06T13:58:06.182Z] >>> [apiv2][query] GET https://firebase-public.firebaseio.com/cli.json [none]
[debug] [2024-10-06T13:58:06.250Z] > command requires scopes: ["email","openid","https://www.googleapis.com/auth/cloudplatformprojects.readonly","https://www.googleapis.com/auth/firebase","https://www.googleapis.com/auth/cloud-platform"]
[debug] [2024-10-06T13:58:06.251Z] > authorizing via signed-in user (anaskhaldoun2@gmail.com)
[info] 
     ######## #### ########  ######## ########     ###     ######  ########
     ##        ##  ##     ## ##       ##     ##  ##   ##  ##       ##
     ######    ##  ########  ######   ########  #########  ######  ######
     ##        ##  ##    ##  ##       ##     ## ##     ##       ## ##
     ##       #### ##     ## ######## ########  ##     ##  ######  ########

You're about to initialize a Firebase project in this directory:

  C:\Users\anask\OneDrive\Desktop\Vs Code Files\HackTheValley\frontend

[debug] [2024-10-06T13:58:06.358Z] <<< [apiv2][status] GET https://firebase-public.firebaseio.com/cli.json 200
[debug] [2024-10-06T13:58:06.358Z] <<< [apiv2][body] GET https://firebase-public.firebaseio.com/cli.json {"cloudBuildErrorAfter":1594252800000,"cloudBuildWarnAfter":1590019200000,"defaultNode10After":1594252800000,"minVersion":"3.0.5","node8DeploysDisabledAfter":1613390400000,"node8RuntimeDisabledAfter":1615809600000,"node8WarnAfter":1600128000000}
[info] 
=== Project Setup
[info] 
[info] First, let's associate this project directory with a Firebase project.
[info] You can create multiple project aliases by running firebase use --add, 
[info] but for now we'll just set up a default project.
[info] 
[debug] [2024-10-06T13:58:15.095Z] Checked if tokens are valid: false, expires at: 1718041418008
[debug] [2024-10-06T13:58:15.095Z] Checked if tokens are valid: false, expires at: 1718041418008
[debug] [2024-10-06T13:58:15.095Z] > refreshing access token with scopes: []
[debug] [2024-10-06T13:58:15.097Z] >>> [apiv2][query] POST https://www.googleapis.com/oauth2/v3/token [none]
[debug] [2024-10-06T13:58:15.097Z] >>> [apiv2][body] POST https://www.googleapis.com/oauth2/v3/token [omitted]
[debug] [2024-10-06T13:58:15.206Z] <<< [apiv2][status] POST https://www.googleapis.com/oauth2/v3/token 200
[debug] [2024-10-06T13:58:15.206Z] <<< [apiv2][body] POST https://www.googleapis.com/oauth2/v3/token [omitted]
[debug] [2024-10-06T13:58:15.218Z] >>> [apiv2][query] GET https://firebase.googleapis.com/v1beta1/projects pageSize=100
[debug] [2024-10-06T13:58:15.742Z] <<< [apiv2][status] GET https://firebase.googleapis.com/v1beta1/projects 200
[debug] [2024-10-06T13:58:15.742Z] <<< [apiv2][body] GET https://firebase.googleapis.com/v1beta1/projects [omitted]
[info] i  Using project hackthevalley-8b71c (HackTheValley) 
[info] 
=== Hosting Setup
[debug] [2024-10-06T13:58:20.461Z] Checked if tokens are valid: true, expires at: 1728226694206
[debug] [2024-10-06T13:58:20.461Z] Checked if tokens are valid: true, expires at: 1728226694206
[debug] [2024-10-06T13:58:20.461Z] >>> [apiv2][query] GET https://firebase.googleapis.com/v1beta1/projects/hackthevalley-8b71c [none]
[debug] [2024-10-06T13:58:20.815Z] <<< [apiv2][status] GET https://firebase.googleapis.com/v1beta1/projects/hackthevalley-8b71c 200
[debug] [2024-10-06T13:58:20.815Z] <<< [apiv2][body] GET https://firebase.googleapis.com/v1beta1/projects/hackthevalley-8b71c {"projectId":"hackthevalley-8b71c","projectNumber":"813783062225","displayName":"HackTheValley","name":"projects/hackthevalley-8b71c","resources":{"hostingSite":"hackthevalley-8b71c","storageBucket":"hackthevalley-8b71c.appspot.com","locationId":"us-central"},"state":"ACTIVE","etag":"1_775cd997-6279-4e73-b3ac-b41d0f5e72f3"}
[info] 
[info] Your public directory is the folder (relative to your project directory) that
[info] will contain Hosting assets to be uploaded with firebase deploy. If you
[info] have a build process for your assets, use your build's output directory.
[info] 
